<?xml version="1.0" encoding="UTF-8"?>
<!-- Generated by org.testng.reporters.JUnitXMLReporter -->
<testsuite hostname="DESKTOP-RN62EUK" ignored="0" name="Test" tests="8" failures="0" timestamp="19 Mar 2019 15:52:55 GMT" time="0.062" errors="0">
  <testcase name="tc_1" time="0.003" classname="selenium_project.Test1"/>
  <testcase name="tc_2" time="0.001" classname="selenium_project.Test1"/>
  <testcase name="tc_3" time="0.006" classname="selenium_project.Test1"/>
  <testcase name="tc_4" time="0.001" classname="selenium_project.Test2"/>
  <testcase name="tc_5" time="0.003" classname="selenium_project.Test2"/>
  <testcase name="tc_6" time="0.001" classname="selenium_project.Test2"/>
  <testcase name="tc_7" time="0.001" classname="selenium_project.Test3"/>
  <testcase name="tc_8" time="0.001" classname="selenium_project.Test3"/>
</testsuite> <!-- Test -->
