<?xml version="1.0" encoding="UTF-8"?>
<!-- Generated by org.testng.reporters.JUnitXMLReporter -->
<testsuite hostname="DESKTOP-RN62EUK" ignored="1" name="Default test" tests="2" failures="0" timestamp="09 May 2019 22:01:49 GMT" time="7.192" errors="0">
  <testcase name="tc_1" time="2.086" classname="com.TestNg.TestNgDemo"/>
  <testcase name="tc_3" time="0.003" classname="com.TestNg.TestNgDemo"/>
  <testcase name="tc_2" time="0.0" classname="com.TestNg.TestNgDemo">
    <ignored/>
  </testcase> <!-- tc_2 -->
</testsuite> <!-- Default test -->
