<?xml version="1.0" encoding="UTF-8"?>
<testng-results skipped="0" failed="0" ignored="1" total="3" passed="2">
  <reporter-output>
  </reporter-output>
  <suite name="Default suite" duration-ms="7192" started-at="2019-05-09T22:01:42Z" finished-at="2019-05-09T22:01:49Z">
    <groups>
    </groups>
    <test name="Default test" duration-ms="7192" started-at="2019-05-09T22:01:42Z" finished-at="2019-05-09T22:01:49Z">
      <class name="com.TestNg.TestNgDemo">
        <test-method status="PASS" signature="setUpTest()[pri:0, instance:com.TestNg.TestNgDemo@25bbe1b6]" name="setUpTest" is-config="true" duration-ms="4244" started-at="2019-05-09T22:01:42Z" finished-at="2019-05-09T22:01:46Z">
          <reporter-output>
          </reporter-output>
        </test-method> <!-- setUpTest -->
        <test-method status="PASS" signature="tc_1()[pri:0, instance:com.TestNg.TestNgDemo@25bbe1b6]" name="tc_1" duration-ms="2086" started-at="2019-05-09T22:01:46Z" finished-at="2019-05-09T22:01:48Z">
          <reporter-output>
          </reporter-output>
        </test-method> <!-- tc_1 -->
        <test-method status="PASS" signature="tc_3()[pri:0, instance:com.TestNg.TestNgDemo@25bbe1b6]" name="tc_3" duration-ms="3" started-at="2019-05-09T22:01:48Z" finished-at="2019-05-09T22:01:48Z">
          <reporter-output>
          </reporter-output>
        </test-method> <!-- tc_3 -->
        <test-method status="PASS" signature="teardownTest()[pri:0, instance:com.TestNg.TestNgDemo@25bbe1b6]" name="teardownTest" is-config="true" duration-ms="824" started-at="2019-05-09T22:01:48Z" finished-at="2019-05-09T22:01:49Z">
          <reporter-output>
          </reporter-output>
        </test-method> <!-- teardownTest -->
      </class> <!-- com.TestNg.TestNgDemo -->
    </test> <!-- Default test -->
  </suite> <!-- Default suite -->
</testng-results>
